0 info it worked if it ends with ok
1 verbose cli [ '/Users/gregholguin/.nvm/versions/node/v6.3.0/bin/node',
1 verbose cli   '/Users/gregholguin/.nvm/versions/node/v6.3.0/bin/npm',
1 verbose cli   'i',
1 verbose cli   'vue-loader@23748932' ]
2 info using npm@3.10.3
3 info using node@v6.3.0
4 silly loadCurrentTree Starting
5 silly install loadCurrentTree
6 silly install readLocalPackageData
7 silly fetchPackageMetaData vue-loader@23748932
8 silly fetchNamedPackageData vue-loader
9 silly mapToRegistry name vue-loader
10 silly mapToRegistry using default registry
11 silly mapToRegistry registry https://registry.npmjs.org/
12 silly mapToRegistry data Result {
12 silly mapToRegistry   raw: 'vue-loader',
12 silly mapToRegistry   scope: null,
12 silly mapToRegistry   escapedName: 'vue-loader',
12 silly mapToRegistry   name: 'vue-loader',
12 silly mapToRegistry   rawSpec: '',
12 silly mapToRegistry   spec: 'latest',
12 silly mapToRegistry   type: 'tag' }
13 silly mapToRegistry uri https://registry.npmjs.org/vue-loader
14 verbose request uri https://registry.npmjs.org/vue-loader
15 verbose request no auth needed
16 info attempt registry request try #1 at 3:39:03 AM
17 verbose request using bearer token for auth
18 verbose request id f7c6fa843be53438
19 verbose etag "86CTZBMJ8AL4BKB6VH2MWQ4JN"
20 http request GET https://registry.npmjs.org/vue-loader
21 http 304 https://registry.npmjs.org/vue-loader
22 verbose headers { 'cache-control': 'max-age=300',
22 verbose headers   'accept-ranges': 'bytes',
22 verbose headers   date: 'Fri, 12 Aug 2016 08:39:03 GMT',
22 verbose headers   via: '1.1 varnish',
22 verbose headers   connection: 'keep-alive',
22 verbose headers   'x-served-by': 'cache-dfw1830-DFW',
22 verbose headers   'x-cache': 'MISS',
22 verbose headers   'x-cache-hits': '0',
22 verbose headers   'x-timer': 'S1470991143.620947,VS0,VE241',
22 verbose headers   vary: 'Accept-Encoding' }
23 silly get cb [ 304,
23 silly get   { 'cache-control': 'max-age=300',
23 silly get     'accept-ranges': 'bytes',
23 silly get     date: 'Fri, 12 Aug 2016 08:39:03 GMT',
23 silly get     via: '1.1 varnish',
23 silly get     connection: 'keep-alive',
23 silly get     'x-served-by': 'cache-dfw1830-DFW',
23 silly get     'x-cache': 'MISS',
23 silly get     'x-cache-hits': '0',
23 silly get     'x-timer': 'S1470991143.620947,VS0,VE241',
23 silly get     vary: 'Accept-Encoding' } ]
24 verbose etag https://registry.npmjs.org/vue-loader from cache
25 verbose get saving vue-loader to /Users/gregholguin/.npm/registry.npmjs.org/vue-loader/.cache.json
26 verbose correctMkdir /Users/gregholguin/.npm correctMkdir not in flight; initializing
27 silly fetchNamedPackageData No valid target from cache, forcing network
28 verbose request uri https://registry.npmjs.org/vue-loader
29 verbose request no auth needed
30 info attempt registry request try #1 at 3:39:03 AM
31 verbose request using bearer token for auth
32 http request GET https://registry.npmjs.org/vue-loader
33 http 200 https://registry.npmjs.org/vue-loader
34 verbose headers { server: 'CouchDB/1.5.0 (Erlang OTP/R16B03)',
34 verbose headers   etag: '"86CTZBMJ8AL4BKB6VH2MWQ4JN"',
34 verbose headers   'content-type': 'application/json',
34 verbose headers   'content-encoding': 'gzip',
34 verbose headers   'cache-control': 'max-age=300',
34 verbose headers   'transfer-encoding': 'chunked',
34 verbose headers   'accept-ranges': 'bytes',
34 verbose headers   date: 'Fri, 12 Aug 2016 08:39:04 GMT',
34 verbose headers   via: '1.1 varnish',
34 verbose headers   connection: 'keep-alive',
34 verbose headers   'x-served-by': 'cache-dfw1830-DFW',
34 verbose headers   'x-cache': 'MISS',
34 verbose headers   'x-cache-hits': '0',
34 verbose headers   'x-timer': 'S1470991143.952464,VS0,VE107',
34 verbose headers   vary: 'Accept-Encoding' }
35 silly get cb [ 200,
35 silly get   { server: 'CouchDB/1.5.0 (Erlang OTP/R16B03)',
35 silly get     etag: '"86CTZBMJ8AL4BKB6VH2MWQ4JN"',
35 silly get     'content-type': 'application/json',
35 silly get     'content-encoding': 'gzip',
35 silly get     'cache-control': 'max-age=300',
35 silly get     'transfer-encoding': 'chunked',
35 silly get     'accept-ranges': 'bytes',
35 silly get     date: 'Fri, 12 Aug 2016 08:39:04 GMT',
35 silly get     via: '1.1 varnish',
35 silly get     connection: 'keep-alive',
35 silly get     'x-served-by': 'cache-dfw1830-DFW',
35 silly get     'x-cache': 'MISS',
35 silly get     'x-cache-hits': '0',
35 silly get     'x-timer': 'S1470991143.952464,VS0,VE107',
35 silly get     vary: 'Accept-Encoding' } ]
36 verbose get saving vue-loader to /Users/gregholguin/.npm/registry.npmjs.org/vue-loader/.cache.json
37 verbose correctMkdir /Users/gregholguin/.npm correctMkdir not in flight; initializing
38 silly fetchPackageMetaData Error: No compatible version found: vue-loader@23748932
38 silly fetchPackageMetaData Valid install targets:
38 silly fetchPackageMetaData 9.3.2, 9.3.1, 9.3.0, 9.2.3, 9.2.2, 9.2.1, 9.2.0, 9.1.3, 9.1.2, 9.1.1, 9.1.0, 9.0.3, 9.0.2, 9.0.1, 9.0.0, 8.5.3, 8.5.2, 8.5.1, 8.5.0, 8.4.0, 8.3.1, 8.3.0, 8.2.3, 8.2.2, 8.2.1, 8.2.0, 8.1.4, 8.1.3, 8.1.2, 8.1.1, 8.1.0, 8.0.5, 8.0.4, 8.0.3, 8.0.2, 8.0.1, 8.0.0, 7.5.3, 7.5.2, 7.5.1, 7.5.0, 7.4.2, 7.4.1, 7.4.0, 7.3.0, 7.2.0, 7.1.8, 7.1.7, 7.1.6, 7.1.5, 7.1.4, 7.1.3, 7.1.2, 7.1.1, 7.1.0, 7.0.3, 7.0.2, 7.0.1, 7.0.0, 6.1.0, 6.0.5, 6.0.4, 6.0.3, 6.0.2, 6.0.1, 6.0.0, 5.0.0, 4.0.10, 4.0.9, 4.0.8, 4.0.7, 4.0.6, 4.0.5, 4.0.4, 4.0.3, 4.0.2, 4.0.1, 4.0.0, 3.0.4, 3.0.3, 3.0.2, 2.1.1, 2.1.0, 2.0.3, 2.0.2, 2.0.1, 2.0.0, 1.1.6, 1.1.5, 1.1.4, 1.1.3, 1.1.2, 1.1.0, 0.3.0, 0.2.0, 0.1.0
38 silly fetchPackageMetaData
38 silly fetchPackageMetaData     at pickVersionFromRegistryDocument (/Users/gregholguin/.nvm/versions/node/v6.3.0/lib/node_modules/npm/lib/fetch-package-metadata.js:170:16)
38 silly fetchPackageMetaData     at /Users/gregholguin/.nvm/versions/node/v6.3.0/lib/node_modules/npm/node_modules/iferr/index.js:13:50
38 silly fetchPackageMetaData     at /Users/gregholguin/.nvm/versions/node/v6.3.0/lib/node_modules/npm/lib/utils/pulse-till-done.js:20:8
38 silly fetchPackageMetaData     at saved (/Users/gregholguin/.nvm/versions/node/v6.3.0/lib/node_modules/npm/lib/cache/caching-client.js:174:7)
38 silly fetchPackageMetaData     at /Users/gregholguin/.nvm/versions/node/v6.3.0/lib/node_modules/npm/node_modules/graceful-fs/polyfills.js:210:7
38 silly fetchPackageMetaData     at FSReqWrap.oncomplete (fs.js:123:15)
38 silly fetchPackageMetaData  error for vue-loader@23748932 Error: No compatible version found: vue-loader@23748932
38 silly fetchPackageMetaData Valid install targets:
38 silly fetchPackageMetaData 9.3.2, 9.3.1, 9.3.0, 9.2.3, 9.2.2, 9.2.1, 9.2.0, 9.1.3, 9.1.2, 9.1.1, 9.1.0, 9.0.3, 9.0.2, 9.0.1, 9.0.0, 8.5.3, 8.5.2, 8.5.1, 8.5.0, 8.4.0, 8.3.1, 8.3.0, 8.2.3, 8.2.2, 8.2.1, 8.2.0, 8.1.4, 8.1.3, 8.1.2, 8.1.1, 8.1.0, 8.0.5, 8.0.4, 8.0.3, 8.0.2, 8.0.1, 8.0.0, 7.5.3, 7.5.2, 7.5.1, 7.5.0, 7.4.2, 7.4.1, 7.4.0, 7.3.0, 7.2.0, 7.1.8, 7.1.7, 7.1.6, 7.1.5, 7.1.4, 7.1.3, 7.1.2, 7.1.1, 7.1.0, 7.0.3, 7.0.2, 7.0.1, 7.0.0, 6.1.0, 6.0.5, 6.0.4, 6.0.3, 6.0.2, 6.0.1, 6.0.0, 5.0.0, 4.0.10, 4.0.9, 4.0.8, 4.0.7, 4.0.6, 4.0.5, 4.0.4, 4.0.3, 4.0.2, 4.0.1, 4.0.0, 3.0.4, 3.0.3, 3.0.2, 2.1.1, 2.1.0, 2.0.3, 2.0.2, 2.0.1, 2.0.0, 1.1.6, 1.1.5, 1.1.4, 1.1.3, 1.1.2, 1.1.0, 0.3.0, 0.2.0, 0.1.0
38 silly fetchPackageMetaData
38 silly fetchPackageMetaData     at pickVersionFromRegistryDocument (/Users/gregholguin/.nvm/versions/node/v6.3.0/lib/node_modules/npm/lib/fetch-package-metadata.js:170:16)
38 silly fetchPackageMetaData     at /Users/gregholguin/.nvm/versions/node/v6.3.0/lib/node_modules/npm/node_modules/iferr/index.js:13:50
38 silly fetchPackageMetaData     at /Users/gregholguin/.nvm/versions/node/v6.3.0/lib/node_modules/npm/lib/utils/pulse-till-done.js:20:8
38 silly fetchPackageMetaData     at saved (/Users/gregholguin/.nvm/versions/node/v6.3.0/lib/node_modules/npm/lib/cache/caching-client.js:174:7)
38 silly fetchPackageMetaData     at /Users/gregholguin/.nvm/versions/node/v6.3.0/lib/node_modules/npm/node_modules/graceful-fs/polyfills.js:210:7
38 silly fetchPackageMetaData     at FSReqWrap.oncomplete (fs.js:123:15)
39 silly rollbackFailedOptional Starting
40 silly rollbackFailedOptional Finishing
41 silly runTopLevelLifecycles Starting
42 silly runTopLevelLifecycles Finishing
43 silly install printInstalled
44 verbose stack Error: No compatible version found: vue-loader@23748932
44 verbose stack Valid install targets:
44 verbose stack 9.3.2, 9.3.1, 9.3.0, 9.2.3, 9.2.2, 9.2.1, 9.2.0, 9.1.3, 9.1.2, 9.1.1, 9.1.0, 9.0.3, 9.0.2, 9.0.1, 9.0.0, 8.5.3, 8.5.2, 8.5.1, 8.5.0, 8.4.0, 8.3.1, 8.3.0, 8.2.3, 8.2.2, 8.2.1, 8.2.0, 8.1.4, 8.1.3, 8.1.2, 8.1.1, 8.1.0, 8.0.5, 8.0.4, 8.0.3, 8.0.2, 8.0.1, 8.0.0, 7.5.3, 7.5.2, 7.5.1, 7.5.0, 7.4.2, 7.4.1, 7.4.0, 7.3.0, 7.2.0, 7.1.8, 7.1.7, 7.1.6, 7.1.5, 7.1.4, 7.1.3, 7.1.2, 7.1.1, 7.1.0, 7.0.3, 7.0.2, 7.0.1, 7.0.0, 6.1.0, 6.0.5, 6.0.4, 6.0.3, 6.0.2, 6.0.1, 6.0.0, 5.0.0, 4.0.10, 4.0.9, 4.0.8, 4.0.7, 4.0.6, 4.0.5, 4.0.4, 4.0.3, 4.0.2, 4.0.1, 4.0.0, 3.0.4, 3.0.3, 3.0.2, 2.1.1, 2.1.0, 2.0.3, 2.0.2, 2.0.1, 2.0.0, 1.1.6, 1.1.5, 1.1.4, 1.1.3, 1.1.2, 1.1.0, 0.3.0, 0.2.0, 0.1.0
44 verbose stack
44 verbose stack     at pickVersionFromRegistryDocument (/Users/gregholguin/.nvm/versions/node/v6.3.0/lib/node_modules/npm/lib/fetch-package-metadata.js:170:16)
44 verbose stack     at /Users/gregholguin/.nvm/versions/node/v6.3.0/lib/node_modules/npm/node_modules/iferr/index.js:13:50
44 verbose stack     at /Users/gregholguin/.nvm/versions/node/v6.3.0/lib/node_modules/npm/lib/utils/pulse-till-done.js:20:8
44 verbose stack     at saved (/Users/gregholguin/.nvm/versions/node/v6.3.0/lib/node_modules/npm/lib/cache/caching-client.js:174:7)
44 verbose stack     at /Users/gregholguin/.nvm/versions/node/v6.3.0/lib/node_modules/npm/node_modules/graceful-fs/polyfills.js:210:7
44 verbose stack     at FSReqWrap.oncomplete (fs.js:123:15)
45 verbose cwd /Users/gregholguin/Documents/Projects/Personal/electron-vue
46 error Darwin 15.5.0
47 error argv "/Users/gregholguin/.nvm/versions/node/v6.3.0/bin/node" "/Users/gregholguin/.nvm/versions/node/v6.3.0/bin/npm" "i" "vue-loader@23748932"
48 error node v6.3.0
49 error npm  v3.10.3
50 error No compatible version found: vue-loader@23748932
50 error Valid install targets:
50 error 9.3.2, 9.3.1, 9.3.0, 9.2.3, 9.2.2, 9.2.1, 9.2.0, 9.1.3, 9.1.2, 9.1.1, 9.1.0, 9.0.3, 9.0.2, 9.0.1, 9.0.0, 8.5.3, 8.5.2, 8.5.1, 8.5.0, 8.4.0, 8.3.1, 8.3.0, 8.2.3, 8.2.2, 8.2.1, 8.2.0, 8.1.4, 8.1.3, 8.1.2, 8.1.1, 8.1.0, 8.0.5, 8.0.4, 8.0.3, 8.0.2, 8.0.1, 8.0.0, 7.5.3, 7.5.2, 7.5.1, 7.5.0, 7.4.2, 7.4.1, 7.4.0, 7.3.0, 7.2.0, 7.1.8, 7.1.7, 7.1.6, 7.1.5, 7.1.4, 7.1.3, 7.1.2, 7.1.1, 7.1.0, 7.0.3, 7.0.2, 7.0.1, 7.0.0, 6.1.0, 6.0.5, 6.0.4, 6.0.3, 6.0.2, 6.0.1, 6.0.0, 5.0.0, 4.0.10, 4.0.9, 4.0.8, 4.0.7, 4.0.6, 4.0.5, 4.0.4, 4.0.3, 4.0.2, 4.0.1, 4.0.0, 3.0.4, 3.0.3, 3.0.2, 2.1.1, 2.1.0, 2.0.3, 2.0.2, 2.0.1, 2.0.0, 1.1.6, 1.1.5, 1.1.4, 1.1.3, 1.1.2, 1.1.0, 0.3.0, 0.2.0, 0.1.0
51 error If you need help, you may report this error at:
51 error     <https://github.com/npm/npm/issues>
52 verbose exit [ 1, true ]
